Using pre-set license
Built from '2021.3/staging' branch; Version is '2021.3.7f1 (24e8595d6d43) revision 2418777'; Using compiler version '192829333'; Build Type 'Release'
OS: 'Windows 11  (10.0.22623) 64bit Professional' Language: 'pl' Physical Memory: 28524 MB
BatchMode: 1, IsHumanControllingUs: 0, StartBugReporterOnCrash: 0, Is64bit: 1, IsPro: 1

COMMAND LINE ARGUMENTS:
C:\Program Files\Unity\Hub\Editor\2021.3.7f1\Editor\Unity.exe
-adb2
-batchMode
-noUpm
-name
AssetImportWorker2
-projectPath
C:/Users/Eric/Projekty/harvard-cs50-game-projects/Tanks
-logFile
Logs/AssetImportWorker2.log
-srvPort
63121
Successfully changed project path to: C:/Users/Eric/Projekty/harvard-cs50-game-projects/Tanks
C:/Users/Eric/Projekty/harvard-cs50-game-projects/Tanks
[UnityMemory] Configuration Parameters - Can be set up in boot.config
    "memorysetup-bucket-allocator-granularity=16"
    "memorysetup-bucket-allocator-bucket-count=8"
    "memorysetup-bucket-allocator-block-size=33554432"
    "memorysetup-bucket-allocator-block-count=8"
    "memorysetup-main-allocator-block-size=16777216"
    "memorysetup-thread-allocator-block-size=16777216"
    "memorysetup-gfx-main-allocator-block-size=16777216"
    "memorysetup-gfx-thread-allocator-block-size=16777216"
    "memorysetup-cache-allocator-block-size=4194304"
    "memorysetup-typetree-allocator-block-size=2097152"
    "memorysetup-profiler-bucket-allocator-granularity=16"
    "memorysetup-profiler-bucket-allocator-bucket-count=8"
    "memorysetup-profiler-bucket-allocator-block-size=33554432"
    "memorysetup-profiler-bucket-allocator-block-count=8"
    "memorysetup-profiler-allocator-block-size=16777216"
    "memorysetup-profiler-editor-allocator-block-size=1048576"
    "memorysetup-temp-allocator-size-main=16777216"
    "memorysetup-job-temp-allocator-block-size=2097152"
    "memorysetup-job-temp-allocator-block-size-background=1048576"
    "memorysetup-job-temp-allocator-reduction-small-platforms=262144"
    "memorysetup-temp-allocator-size-background-worker=32768"
    "memorysetup-temp-allocator-size-job-worker=262144"
    "memorysetup-temp-allocator-size-preload-manager=33554432"
    "memorysetup-temp-allocator-size-nav-mesh-worker=65536"
    "memorysetup-temp-allocator-size-audio-worker=65536"
    "memorysetup-temp-allocator-size-cloud-worker=32768"
    "memorysetup-temp-allocator-size-gi-baking-worker=262144"
    "memorysetup-temp-allocator-size-gfx=262144"
Refreshing native plugins compatible for Editor in 112.23 ms, found 3 plugins.
Preloading 0 native plugins for Editor in 0.00 ms.
Initialize engine version: 2021.3.7f1 (24e8595d6d43)
[Subsystems] Discovering subsystems at path C:/Program Files/Unity/Hub/Editor/2021.3.7f1/Editor/Data/Resources/UnitySubsystems
[Subsystems] Discovering subsystems at path C:/Users/Eric/Projekty/harvard-cs50-game-projects/Tanks/Assets
GfxDevice: creating device client; threaded=0; jobified=0
Direct3D:
    Version:  Direct3D 11.0 [level 11.1]
    Renderer: NVIDIA GeForce RTX 3050 Laptop GPU (ID=0x25a2)
    Vendor:   NVIDIA
    VRAM:     3979 MB
    Driver:   31.0.15.2824
Initialize mono
Mono path[0] = 'C:/Program Files/Unity/Hub/Editor/2021.3.7f1/Editor/Data/Managed'
Mono path[1] = 'C:/Program Files/Unity/Hub/Editor/2021.3.7f1/Editor/Data/MonoBleedingEdge/lib/mono/unityjit-win32'
Mono config path = 'C:/Program Files/Unity/Hub/Editor/2021.3.7f1/Editor/Data/MonoBleedingEdge/etc'
Using monoOptions --debugger-agent=transport=dt_socket,embedding=1,server=y,suspend=n,address=127.0.0.1:56144
Begin MonoManager ReloadAssembly
Registering precompiled unity dll's ...
Register platform support module: C:/Program Files/Unity/Hub/Editor/2021.3.7f1/Editor/Data/PlaybackEngines/WebGLSupport/UnityEditor.WebGL.Extensions.dll
Register platform support module: C:/Program Files/Unity/Hub/Editor/2021.3.7f1/Editor/Data/PlaybackEngines/WindowsStandaloneSupport/UnityEditor.WindowsStandalone.Extensions.dll
Registered in 0.004486 seconds.
Native extension for WindowsStandalone target not found
Native extension for WebGL target not found
Refreshing native plugins compatible for Editor in 82.96 ms, found 3 plugins.
Preloading 0 native plugins for Editor in 0.00 ms.
Mono: successfully reloaded assembly
- Completed reload, in  0.585 seconds
Domain Reload Profiling:
	ReloadAssembly (585ms)
		BeginReloadAssembly (60ms)
			ExecutionOrderSort (0ms)
			DisableScriptedObjects (0ms)
			BackupInstance (0ms)
			ReleaseScriptingObjects (0ms)
			CreateAndSetChildDomain (1ms)
		EndReloadAssembly (430ms)
			LoadAssemblies (70ms)
			RebuildTransferFunctionScriptingTraits (0ms)
			SetupTypeCache (92ms)
			ReleaseScriptCaches (0ms)
			RebuildScriptCaches (23ms)
			SetupLoadedEditorAssemblies (257ms)
				LogAssemblyErrors (0ms)
				InitializePlatformSupportModulesInManaged (8ms)
				SetLoadedEditorAssemblies (0ms)
				RefreshPlugins (83ms)
				BeforeProcessingInitializeOnLoad (1ms)
				ProcessInitializeOnLoadAttributes (125ms)
				ProcessInitializeOnLoadMethodAttributes (40ms)
				AfterProcessingInitializeOnLoad (0ms)
				EditorAssembliesLoaded (0ms)
			ExecutionOrderSort2 (0ms)
			AwakeInstancesAfterBackupRestoration (0ms)
Platform modules already initialized, skipping
Registering precompiled user dll's ...
Registered in 0.005155 seconds.
Begin MonoManager ReloadAssembly
Symbol file LoadedFromMemory doesn't match image C:\Users\Eric\Projekty\harvard-cs50-game-projects\Tanks\Library\PackageCache\com.unity.visualscripting@1.7.8\Editor\VisualScripting.Core\Dependencies\YamlDotNet\Unity.VisualScripting.YamlDotNet.dll
Symbol file LoadedFromMemory doesn't match image C:\Users\Eric\Projekty\harvard-cs50-game-projects\Tanks\Library\PackageCache\com.unity.visualscripting@1.7.8\Editor\VisualScripting.Core\Dependencies\DotNetZip\Unity.VisualScripting.IonicZip.dll
Native extension for WindowsStandalone target not found
Native extension for WebGL target not found
Refreshing native plugins compatible for Editor in 0.72 ms, found 3 plugins.
Preloading 0 native plugins for Editor in 0.00 ms.
Mono: successfully reloaded assembly
- Completed reload, in  0.957 seconds
Domain Reload Profiling:
	ReloadAssembly (957ms)
		BeginReloadAssembly (96ms)
			ExecutionOrderSort (0ms)
			DisableScriptedObjects (5ms)
			BackupInstance (0ms)
			ReleaseScriptingObjects (0ms)
			CreateAndSetChildDomain (20ms)
		EndReloadAssembly (765ms)
			LoadAssemblies (63ms)
			RebuildTransferFunctionScriptingTraits (0ms)
			SetupTypeCache (295ms)
			ReleaseScriptCaches (1ms)
			RebuildScriptCaches (41ms)
			SetupLoadedEditorAssemblies (331ms)
				LogAssemblyErrors (0ms)
				InitializePlatformSupportModulesInManaged (5ms)
				SetLoadedEditorAssemblies (0ms)
				RefreshPlugins (1ms)
				BeforeProcessingInitializeOnLoad (73ms)
				ProcessInitializeOnLoadAttributes (218ms)
				ProcessInitializeOnLoadMethodAttributes (28ms)
				AfterProcessingInitializeOnLoad (5ms)
				EditorAssembliesLoaded (0ms)
			ExecutionOrderSort2 (0ms)
			AwakeInstancesAfterBackupRestoration (5ms)
Platform modules already initialized, skipping
========================================================================
Worker process is ready to serve import requests
Launched and connected shader compiler UnityShaderCompiler.exe after 0.04 seconds
Refreshing native plugins compatible for Editor in 0.72 ms, found 3 plugins.
Preloading 0 native plugins for Editor in 0.00 ms.
Unloading 3428 Unused Serialized files (Serialized files now loaded: 0)
Unloading 27 unused Assets / (111.7 KB). Loaded Objects now: 3889.
Memory consumption went from 122.1 MB to 122.0 MB.
Total: 2.855000 ms (FindLiveObjects: 0.221800 ms CreateObjectMapping: 0.155800 ms MarkObjects: 2.351000 ms  DeleteObjects: 0.125600 ms)

AssetImportParameters requested are different than current active one (requested -> active):
  custom:video-decoder-ogg-theora: a1e56fd34408186e4bbccfd4996cb3dc -> 
  custom:container-muxer-webm: aa71ff27fc2769a1b78a27578f13a17b -> 
  custom:container-demuxer-webm: 4f35f7cbe854078d1ac9338744f61a02 -> 
  custom:video-encoder-webm-vp8: eb34c28f22e8b96e1ab97ce403110664 -> 
  custom:audio-encoder-webm-vorbis: bf7c407c2cedff20999df2af8eb42d56 -> 
  custom:framework-win-MediaFoundation: 216162199b28c13a410421893ffa2e32 -> 
  custom:container-demuxer-ogg: 62fdf1f143b41e24485cea50d1cbac27 -> 
  custom:video-decoder-webm-vp8: 9c59270c3fd7afecdb556c50c9e8de78 -> 
  custom:audio-decoder-ogg-vorbis: bf7c407c2cedff20999df2af8eb42d56 -> 
========================================================================
Received Import Request.
  Time since last request: 438726.792231 seconds.
  path: Assets/POLYGON city pack/Materials/Material_meshs/shopping cart.mat
  artifactKey: Guid(6f9e936f7882193458b7205f066d95dc) Importer(815301076,1909f56bfc062723c751e8b465ee728b)
Start importing Assets/POLYGON city pack/Materials/Material_meshs/shopping cart.mat using Guid(6f9e936f7882193458b7205f066d95dc) Importer(815301076,1909f56bfc062723c751e8b465ee728b)  -> (artifact id: '2a242a1be8ed4882053c2c76aa9c89f8') in 0.149742 seconds 
========================================================================
Received Import Request.
  Time since last request: 0.040082 seconds.
  path: Assets/POLYGON city pack/Materials/Material_meshs/Sign_speed_50.mat
  artifactKey: Guid(3469377aa9a97234b964fc824e7105d9) Importer(815301076,1909f56bfc062723c751e8b465ee728b)
Start importing Assets/POLYGON city pack/Materials/Material_meshs/Sign_speed_50.mat using Guid(3469377aa9a97234b964fc824e7105d9) Importer(815301076,1909f56bfc062723c751e8b465ee728b)  -> (artifact id: '6ef91ab28559a6c9d8f3e6eb59646631') in 0.030534 seconds 
========================================================================
Received Import Request.
  Time since last request: 0.000042 seconds.
  path: Assets/POLYGON city pack/Materials/Material_meshs/Sign_traffic 3.mat
  artifactKey: Guid(6de6fe3ba14a14848a5014692825ee59) Importer(815301076,1909f56bfc062723c751e8b465ee728b)
Start importing Assets/POLYGON city pack/Materials/Material_meshs/Sign_traffic 3.mat using Guid(6de6fe3ba14a14848a5014692825ee59) Importer(815301076,1909f56bfc062723c751e8b465ee728b)  -> (artifact id: 'b4f8940cd7fe9a1c5a9dec9090f5fb8c') in 0.026942 seconds 
========================================================================
Received Import Request.
  Time since last request: 0.356442 seconds.
  path: Assets/POLYGON city pack/Materials/Material_meshs/Sign_traffic 5.mat
  artifactKey: Guid(0551d21c07894ae46b712c8e21db8695) Importer(815301076,1909f56bfc062723c751e8b465ee728b)
Start importing Assets/POLYGON city pack/Materials/Material_meshs/Sign_traffic 5.mat using Guid(0551d21c07894ae46b712c8e21db8695) Importer(815301076,1909f56bfc062723c751e8b465ee728b)  -> (artifact id: '62a6fe60046e138b080fae654c73902f') in 0.035017 seconds 
========================================================================
Received Import Request.
  Time since last request: 0.125033 seconds.
  path: Assets/POLYGON city pack/Materials/Material_meshs/street 2.mat
  artifactKey: Guid(af0582a2d4252d44e947c6cffcd45186) Importer(815301076,1909f56bfc062723c751e8b465ee728b)
Start importing Assets/POLYGON city pack/Materials/Material_meshs/street 2.mat using Guid(af0582a2d4252d44e947c6cffcd45186) Importer(815301076,1909f56bfc062723c751e8b465ee728b)  -> (artifact id: 'fec230889296c94f88ea92279a1324ea') in 0.025552 seconds 
========================================================================
Received Import Request.
  Time since last request: 0.000019 seconds.
  path: Assets/POLYGON city pack/Materials/Material_meshs/street 6.mat
  artifactKey: Guid(be8e1d853d066054791a5c07f41a04ae) Importer(815301076,1909f56bfc062723c751e8b465ee728b)
Start importing Assets/POLYGON city pack/Materials/Material_meshs/street 6.mat using Guid(be8e1d853d066054791a5c07f41a04ae) Importer(815301076,1909f56bfc062723c751e8b465ee728b)  -> (artifact id: 'a22ac88922781ecae64c67076c41667d') in 0.023940 seconds 
========================================================================
Received Import Request.
  Time since last request: 1.536380 seconds.
  path: Assets/POLYGON city pack/Materials/Material_meshs/street 7.mat
  artifactKey: Guid(b991b79651d0c31409fa826ebb42f3d7) Importer(815301076,1909f56bfc062723c751e8b465ee728b)
Start importing Assets/POLYGON city pack/Materials/Material_meshs/street 7.mat using Guid(b991b79651d0c31409fa826ebb42f3d7) Importer(815301076,1909f56bfc062723c751e8b465ee728b)  -> (artifact id: 'c677f143cdd7280b8333d41b5a078501') in 0.039339 seconds 
========================================================================
Received Import Request.
  Time since last request: 0.000021 seconds.
  path: Assets/POLYGON city pack/Materials/Material_meshs/street 10.mat
  artifactKey: Guid(ccbd9a98334624441a21da866f5b4ca5) Importer(815301076,1909f56bfc062723c751e8b465ee728b)
Start importing Assets/POLYGON city pack/Materials/Material_meshs/street 10.mat using Guid(ccbd9a98334624441a21da866f5b4ca5) Importer(815301076,1909f56bfc062723c751e8b465ee728b)  -> (artifact id: '7fa459b545756a0007a61af80617a1a7') in 0.034994 seconds 
========================================================================
Received Import Request.
  Time since last request: 0.000027 seconds.
  path: Assets/POLYGON city pack/Materials/Material_meshs/street 15.mat
  artifactKey: Guid(8fb5e0bbb6ab4fd4caa5feafd9ec8aee) Importer(815301076,1909f56bfc062723c751e8b465ee728b)
Start importing Assets/POLYGON city pack/Materials/Material_meshs/street 15.mat using Guid(8fb5e0bbb6ab4fd4caa5feafd9ec8aee) Importer(815301076,1909f56bfc062723c751e8b465ee728b)  -> (artifact id: '817ffc9b75397f2f129fb22f9c50a7aa') in 0.032266 seconds 
========================================================================
Received Import Request.
  Time since last request: 0.000023 seconds.
  path: Assets/POLYGON city pack/Materials/Material_meshs/street 13.mat
  artifactKey: Guid(34ec53f412bdc5545a2722b7b5a1f277) Importer(815301076,1909f56bfc062723c751e8b465ee728b)
Start importing Assets/POLYGON city pack/Materials/Material_meshs/street 13.mat using Guid(34ec53f412bdc5545a2722b7b5a1f277) Importer(815301076,1909f56bfc062723c751e8b465ee728b)  -> (artifact id: '7595a8500204f8b67c6c17bccc6b0565') in 0.022416 seconds 
========================================================================
Received Import Request.
  Time since last request: 0.015633 seconds.
  path: Assets/POLYGON city pack/Materials/Material_meshs/street 17.mat
  artifactKey: Guid(d600fec226ddb23418f8e8d742e5a551) Importer(815301076,1909f56bfc062723c751e8b465ee728b)
Start importing Assets/POLYGON city pack/Materials/Material_meshs/street 17.mat using Guid(d600fec226ddb23418f8e8d742e5a551) Importer(815301076,1909f56bfc062723c751e8b465ee728b)  -> (artifact id: '575f4ab2dfeaed5171415e9cd79ef324') in 0.029108 seconds 
========================================================================
Received Import Request.
  Time since last request: 0.445745 seconds.
  path: Assets/POLYGON city pack/Materials/Material_meshs/StreetSellerStand AD.mat
  artifactKey: Guid(a772bcb58f8935449a3219ec0e4bffa8) Importer(815301076,1909f56bfc062723c751e8b465ee728b)
Start importing Assets/POLYGON city pack/Materials/Material_meshs/StreetSellerStand AD.mat using Guid(a772bcb58f8935449a3219ec0e4bffa8) Importer(815301076,1909f56bfc062723c751e8b465ee728b)  -> (artifact id: 'f58d2f187ce55fc5a820b4927c1c39a0') in 0.046968 seconds 
========================================================================
Received Import Request.
  Time since last request: 1.746301 seconds.
  path: Assets/POLYGON city pack/Materials/Material_meshs/traffic_obj.mat
  artifactKey: Guid(f4acfc13e074a6e43bc89c69d707c810) Importer(815301076,1909f56bfc062723c751e8b465ee728b)
Start importing Assets/POLYGON city pack/Materials/Material_meshs/traffic_obj.mat using Guid(f4acfc13e074a6e43bc89c69d707c810) Importer(815301076,1909f56bfc062723c751e8b465ee728b)  -> (artifact id: '07a838a5e6e89357c8262ef857d7e016') in 0.042354 seconds 
========================================================================
Received Import Request.
  Time since last request: 0.000021 seconds.
  path: Assets/POLYGON city pack/Materials/Material_meshs/trashbag.mat
  artifactKey: Guid(920171991f9b62c41b9f2b275bd5e169) Importer(815301076,1909f56bfc062723c751e8b465ee728b)
Start importing Assets/POLYGON city pack/Materials/Material_meshs/trashbag.mat using Guid(920171991f9b62c41b9f2b275bd5e169) Importer(815301076,1909f56bfc062723c751e8b465ee728b)  -> (artifact id: '08b3d8b36f296cc5eea1e90d1a996d2f') in 0.019022 seconds 
========================================================================
Received Import Request.
  Time since last request: 0.000029 seconds.
  path: Assets/POLYGON city pack/Materials/Material_meshs/water tank.mat
  artifactKey: Guid(42260cd2c3f3d7d45a3f99b47e57ae38) Importer(815301076,1909f56bfc062723c751e8b465ee728b)
Start importing Assets/POLYGON city pack/Materials/Material_meshs/water tank.mat using Guid(42260cd2c3f3d7d45a3f99b47e57ae38) Importer(815301076,1909f56bfc062723c751e8b465ee728b)  -> (artifact id: '8517c450d990a3938612cb1b7052fdb9') in 0.018519 seconds 
========================================================================
Received Import Request.
  Time since last request: 59.182976 seconds.
  path: Assets/POLYGON city pack/Materials/traffic light/Green lighting.mat
  artifactKey: Guid(510f1a4c405d15b44836b4cd601a8d6c) Importer(815301076,1909f56bfc062723c751e8b465ee728b)
Start importing Assets/POLYGON city pack/Materials/traffic light/Green lighting.mat using Guid(510f1a4c405d15b44836b4cd601a8d6c) Importer(815301076,1909f56bfc062723c751e8b465ee728b)  -> (artifact id: '153b7cec72725fb7f15e3a581b049c18') in 0.034261 seconds 
========================================================================
Received Import Request.
  Time since last request: 0.000023 seconds.
  path: Assets/POLYGON city pack/Materials/traffic light/Yellow.mat
  artifactKey: Guid(7be5e417b52fd834280f56f025a91e5e) Importer(815301076,1909f56bfc062723c751e8b465ee728b)
Start importing Assets/POLYGON city pack/Materials/traffic light/Yellow.mat using Guid(7be5e417b52fd834280f56f025a91e5e) Importer(815301076,1909f56bfc062723c751e8b465ee728b)  -> (artifact id: '40994ae0371c80daa6675e9c2190fa5c') in 0.024992 seconds 
========================================================================
Received Import Request.
  Time since last request: 3.208598 seconds.
  path: Assets/POLYGON city pack/Materials/Colors_buildings/C1.mat
  artifactKey: Guid(b46491bf8bcc7974e9c5b185ed3a64df) Importer(815301076,1909f56bfc062723c751e8b465ee728b)
Start importing Assets/POLYGON city pack/Materials/Colors_buildings/C1.mat using Guid(b46491bf8bcc7974e9c5b185ed3a64df) Importer(815301076,1909f56bfc062723c751e8b465ee728b)  -> (artifact id: 'c3bc02b31d67977e2a313db0acc4cb87') in 0.027195 seconds 
========================================================================
Received Import Request.
  Time since last request: 0.000022 seconds.
  path: Assets/POLYGON city pack/Materials/Colors_buildings/G3.mat
  artifactKey: Guid(ed6309fcf2465f8459ee0d575167c0ed) Importer(815301076,1909f56bfc062723c751e8b465ee728b)
Start importing Assets/POLYGON city pack/Materials/Colors_buildings/G3.mat using Guid(ed6309fcf2465f8459ee0d575167c0ed) Importer(815301076,1909f56bfc062723c751e8b465ee728b)  -> (artifact id: '5d036d1145071a758f86798f11185553') in 0.051355 seconds 
========================================================================
Received Import Request.
  Time since last request: 0.000023 seconds.
  path: Assets/POLYGON city pack/Materials/Colors_buildings/H2.mat
  artifactKey: Guid(6f227c8592ad80a41be32efd278da65a) Importer(815301076,1909f56bfc062723c751e8b465ee728b)
Start importing Assets/POLYGON city pack/Materials/Colors_buildings/H2.mat using Guid(6f227c8592ad80a41be32efd278da65a) Importer(815301076,1909f56bfc062723c751e8b465ee728b)  -> (artifact id: '5cd80d5a0b3aed67f9c050f975190d2d') in 0.017025 seconds 
========================================================================
Received Import Request.
  Time since last request: 0.000024 seconds.
  path: Assets/POLYGON city pack/Materials/Colors_buildings/D1.mat
  artifactKey: Guid(be3dd0dbeba4e0e44b4a036604ec5247) Importer(815301076,1909f56bfc062723c751e8b465ee728b)
Start importing Assets/POLYGON city pack/Materials/Colors_buildings/D1.mat using Guid(be3dd0dbeba4e0e44b4a036604ec5247) Importer(815301076,1909f56bfc062723c751e8b465ee728b)  -> (artifact id: '14ef6fe9df50f76bc4f0f25e48b7efc9') in 0.020834 seconds 
========================================================================
Received Import Request.
  Time since last request: 0.000029 seconds.
  path: Assets/POLYGON city pack/Materials/Colors_buildings/E2.mat
  artifactKey: Guid(04ea80a7b7a8f25419eec6649973eba0) Importer(815301076,1909f56bfc062723c751e8b465ee728b)
Start importing Assets/POLYGON city pack/Materials/Colors_buildings/E2.mat using Guid(04ea80a7b7a8f25419eec6649973eba0) Importer(815301076,1909f56bfc062723c751e8b465ee728b)  -> (artifact id: '17306bf2e82b1c54120376cedb573561') in 0.025679 seconds 
========================================================================
Received Import Request.
  Time since last request: 0.000023 seconds.
  path: Assets/POLYGON city pack/Materials/Colors_buildings/I2.mat
  artifactKey: Guid(cea0c4191eb5cb440aa5355d44958681) Importer(815301076,1909f56bfc062723c751e8b465ee728b)
Start importing Assets/POLYGON city pack/Materials/Colors_buildings/I2.mat using Guid(cea0c4191eb5cb440aa5355d44958681) Importer(815301076,1909f56bfc062723c751e8b465ee728b)  -> (artifact id: '5874fbca0832172f81d202047a1b809e') in 0.025470 seconds 
========================================================================
Received Import Request.
  Time since last request: 0.000023 seconds.
  path: Assets/POLYGON city pack/Materials/Colors_buildings/H1.mat
  artifactKey: Guid(764481942b4df2a40857026c71dfae1f) Importer(815301076,1909f56bfc062723c751e8b465ee728b)
Start importing Assets/POLYGON city pack/Materials/Colors_buildings/H1.mat using Guid(764481942b4df2a40857026c71dfae1f) Importer(815301076,1909f56bfc062723c751e8b465ee728b)  -> (artifact id: '4ef8cd7a0cfee21075ff98e5a07e2340') in 0.015547 seconds 
========================================================================
Received Import Request.
  Time since last request: 0.000029 seconds.
  path: Assets/POLYGON city pack/Materials/Colors_buildings/K4.mat
  artifactKey: Guid(711bad159df31524ca17958a0c56fbf5) Importer(815301076,1909f56bfc062723c751e8b465ee728b)
Start importing Assets/POLYGON city pack/Materials/Colors_buildings/K4.mat using Guid(711bad159df31524ca17958a0c56fbf5) Importer(815301076,1909f56bfc062723c751e8b465ee728b)  -> (artifact id: 'a9741a752d30adbb30af8adc65f4dc34') in 0.015218 seconds 
========================================================================
Received Import Request.
  Time since last request: 0.000027 seconds.
  path: Assets/POLYGON city pack/Materials/Colors_buildings/I1.mat
  artifactKey: Guid(09bb7389d12b7fe4cb01b4d2afb6b0a7) Importer(815301076,1909f56bfc062723c751e8b465ee728b)
Start importing Assets/POLYGON city pack/Materials/Colors_buildings/I1.mat using Guid(09bb7389d12b7fe4cb01b4d2afb6b0a7) Importer(815301076,1909f56bfc062723c751e8b465ee728b)  -> (artifact id: 'aabcd8d9aed63e74f683af75f49141da') in 0.022614 seconds 
========================================================================
Received Import Request.
  Time since last request: 0.000032 seconds.
  path: Assets/POLYGON city pack/Materials/Colors_buildings/F3.mat
  artifactKey: Guid(2d6209e982156604ea6d7c513bc7b774) Importer(815301076,1909f56bfc062723c751e8b465ee728b)
Start importing Assets/POLYGON city pack/Materials/Colors_buildings/F3.mat using Guid(2d6209e982156604ea6d7c513bc7b774) Importer(815301076,1909f56bfc062723c751e8b465ee728b)  -> (artifact id: '26a73b030b92f9fbaaa2d11baeb937f1') in 0.019525 seconds 
========================================================================
Received Import Request.
  Time since last request: 0.458654 seconds.
  path: Assets/POLYGON city pack/Materials/color_windows/Windows light 1.mat
  artifactKey: Guid(d7636558dbd50f7429a53d5bc6352a44) Importer(815301076,1909f56bfc062723c751e8b465ee728b)
Start importing Assets/POLYGON city pack/Materials/color_windows/Windows light 1.mat using Guid(d7636558dbd50f7429a53d5bc6352a44) Importer(815301076,1909f56bfc062723c751e8b465ee728b)  -> (artifact id: 'fbb3f5f2248aaae1c6f86815bc9c8316') in 0.026091 seconds 
========================================================================
Received Import Request.
  Time since last request: 10.864238 seconds.
  path: Assets/POLYGON city pack/Meshes,textures/ways_FBX/dirt.png
  artifactKey: Guid(d90409e4a3fae7f46bbf0450da252846) Importer(815301076,1909f56bfc062723c751e8b465ee728b)
Start importing Assets/POLYGON city pack/Meshes,textures/ways_FBX/dirt.png using Guid(d90409e4a3fae7f46bbf0450da252846) Importer(815301076,1909f56bfc062723c751e8b465ee728b)  -> (artifact id: '0a5a4a1aae02d4195b1ccfc7d497b09d') in 0.033221 seconds 
========================================================================
Received Import Request.
  Time since last request: 0.000029 seconds.
  path: Assets/POLYGON city pack/Meshes,textures/ways_FBX/Street_03.png
  artifactKey: Guid(16380d10f7bec4543adccda1aeb700f0) Importer(815301076,1909f56bfc062723c751e8b465ee728b)
Start importing Assets/POLYGON city pack/Meshes,textures/ways_FBX/Street_03.png using Guid(16380d10f7bec4543adccda1aeb700f0) Importer(815301076,1909f56bfc062723c751e8b465ee728b)  -> (artifact id: '6cf876707bde2d6ca68940b9be64029f') in 0.017566 seconds 
========================================================================
Received Import Request.
  Time since last request: 0.000042 seconds.
  path: Assets/POLYGON city pack/Meshes,textures/ways_FBX/Street_05.png
  artifactKey: Guid(2c7f514cec9664e459574f2a54338a63) Importer(815301076,1909f56bfc062723c751e8b465ee728b)
Start importing Assets/POLYGON city pack/Meshes,textures/ways_FBX/Street_05.png using Guid(2c7f514cec9664e459574f2a54338a63) Importer(815301076,1909f56bfc062723c751e8b465ee728b)  -> (artifact id: '729dd8e2dec235888f61a9661ce465ea') in 0.013598 seconds 
========================================================================
Received Import Request.
  Time since last request: 0.000021 seconds.
  path: Assets/POLYGON city pack/Meshes,textures/ways_FBX/Street_01.png
  artifactKey: Guid(e827ea08b3f1f9c4ca6b18cc6f37d829) Importer(815301076,1909f56bfc062723c751e8b465ee728b)
Start importing Assets/POLYGON city pack/Meshes,textures/ways_FBX/Street_01.png using Guid(e827ea08b3f1f9c4ca6b18cc6f37d829) Importer(815301076,1909f56bfc062723c751e8b465ee728b)  -> (artifact id: 'a3f3fdea0b51272eb765182459e867d9') in 0.015689 seconds 
========================================================================
Received Import Request.
  Time since last request: 0.000019 seconds.
  path: Assets/POLYGON city pack/Meshes,textures/ways_FBX/Street_11.png
  artifactKey: Guid(850efbda83da95c4199f9a394657dd12) Importer(815301076,1909f56bfc062723c751e8b465ee728b)
Start importing Assets/POLYGON city pack/Meshes,textures/ways_FBX/Street_11.png using Guid(850efbda83da95c4199f9a394657dd12) Importer(815301076,1909f56bfc062723c751e8b465ee728b)  -> (artifact id: '03e73b502b50017f73b51d44f084783d') in 0.016277 seconds 
========================================================================
Received Import Request.
  Time since last request: 0.388003 seconds.
  path: Assets/POLYGON city pack/Meshes,textures/traffic signs FBX/parking sign.png
  artifactKey: Guid(4952f8b1e8c754f46a835d972bcf4479) Importer(815301076,1909f56bfc062723c751e8b465ee728b)
Start importing Assets/POLYGON city pack/Meshes,textures/traffic signs FBX/parking sign.png using Guid(4952f8b1e8c754f46a835d972bcf4479) Importer(815301076,1909f56bfc062723c751e8b465ee728b)  -> (artifact id: '3b5f9df0d207d510d4c8909115ab586b') in 0.018429 seconds 
========================================================================
Received Import Request.
  Time since last request: 0.000025 seconds.
  path: Assets/POLYGON city pack/Meshes,textures/traffic signs FBX/stop_sign.png
  artifactKey: Guid(6949ab40e17248640842cc7f92a23fd5) Importer(815301076,1909f56bfc062723c751e8b465ee728b)
Start importing Assets/POLYGON city pack/Meshes,textures/traffic signs FBX/stop_sign.png using Guid(6949ab40e17248640842cc7f92a23fd5) Importer(815301076,1909f56bfc062723c751e8b465ee728b)  -> (artifact id: '8e5ed8596a7ad9ff5695f42a40e6bbdd') in 0.012133 seconds 
========================================================================
Received Import Request.
  Time since last request: 0.000020 seconds.
  path: Assets/POLYGON city pack/Meshes,textures/traffic signs FBX/speed_limit_sign_10.png
  artifactKey: Guid(23ee3ecc18e0a41468c880c255412acf) Importer(815301076,1909f56bfc062723c751e8b465ee728b)
Start importing Assets/POLYGON city pack/Meshes,textures/traffic signs FBX/speed_limit_sign_10.png using Guid(23ee3ecc18e0a41468c880c255412acf) Importer(815301076,1909f56bfc062723c751e8b465ee728b)  -> (artifact id: '63dcdc1692021bee85a6bdc0611e71fd') in 0.012266 seconds 
========================================================================
Received Import Request.
  Time since last request: 0.000020 seconds.
  path: Assets/POLYGON city pack/Meshes,textures/traffic signs FBX/speed_limit_sign_70.png
  artifactKey: Guid(e6cbc57b8dc2bca4081c35a52e757dba) Importer(815301076,1909f56bfc062723c751e8b465ee728b)
Start importing Assets/POLYGON city pack/Meshes,textures/traffic signs FBX/speed_limit_sign_70.png using Guid(e6cbc57b8dc2bca4081c35a52e757dba) Importer(815301076,1909f56bfc062723c751e8b465ee728b)  -> (artifact id: '7e2c9fe3f36b37ab60f5f3e1f9cc7a9e') in 0.015609 seconds 
Editor requested this worker to shutdown with reason: Scaling down because of idle timeout
AssetImportWorker is now disconnected from the server
Process exiting
Exiting without the bug reporter. Application will terminate with return code 0